Using pre-set license
Built from '2020.3/staging' branch; Version is '2020.3.8f1 (507919d4fff5) revision 5273881'; Using compiler version '192528614'; Build Type 'Release'
OS: 'Windows 10 Education; OS build 19041.1052; Version 2004; 64bit' Language: 'en' Physical Memory: 8072 MB
BatchMode: 1, IsHumanControllingUs: 0, StartBugReporterOnCrash: 0, Is64bit: 1, IsPro: 0

 COMMAND LINE ARGUMENTS:
C:\Program Files\Unity\Hub\Editor\2020.3.8f1\Editor\Unity.exe
-adb2
-batchMode
-noUpm
-name
AssetImportWorker0
-projectPath
C:/Users/Carme/Documents/SpacialPerceptionTutorial1/AR app presentatie
-logFile
Logs/AssetImportWorker0.log
-srvPort
58914
Successfully changed project path to: C:/Users/Carme/Documents/SpacialPerceptionTutorial1/AR app presentatie
C:/Users/Carme/Documents/SpacialPerceptionTutorial1/AR app presentatie
Using Asset Import Pipeline V2.
Refreshing native plugins compatible for Editor in 72.97 ms, found 7 plugins.
Preloading 0 native plugins for Editor in 0.00 ms.
Initialize engine version: 2020.3.8f1 (507919d4fff5)
[Subsystems] Discovering subsystems at path C:/Program Files/Unity/Hub/Editor/2020.3.8f1/Editor/Data/Resources/UnitySubsystems
[Subsystems] Discovering subsystems at path C:/Users/Carme/Documents/SpacialPerceptionTutorial1/AR app presentatie/Assets
GfxDevice: creating device client; threaded=0
Direct3D:
    Version:  Direct3D 11.0 [level 11.1]
    Renderer: Intel(R) UHD Graphics 620 (ID=0x5917)
    Vendor:   
    VRAM:     4036 MB
    Driver:   26.20.100.7925
Initialize mono
Mono path[0] = 'C:/Program Files/Unity/Hub/Editor/2020.3.8f1/Editor/Data/Managed'
Mono path[1] = 'C:/Program Files/Unity/Hub/Editor/2020.3.8f1/Editor/Data/MonoBleedingEdge/lib/mono/unityjit'
Mono config path = 'C:/Program Files/Unity/Hub/Editor/2020.3.8f1/Editor/Data/MonoBleedingEdge/etc'
Using monoOptions --debugger-agent=transport=dt_socket,embedding=1,server=y,suspend=n,address=127.0.0.1:56716
Begin MonoManager ReloadAssembly
Registering precompiled unity dll's ...
Register platform support module: C:/Program Files/Unity/Hub/Editor/2020.3.8f1/Editor/Data/PlaybackEngines/WindowsStandaloneSupport/UnityEditor.WindowsStandalone.Extensions.dll
Registered in 0.020475 seconds.
Native extension for WindowsStandalone target not found
Refreshing native plugins compatible for Editor in 78.02 ms, found 7 plugins.
Preloading 0 native plugins for Editor in 0.00 ms.
Mono: successfully reloaded assembly
- Completed reload, in  2.629 seconds
Platform modules already initialized, skipping
Registering precompiled user dll's ...
Registered in 0.125735 seconds.
Begin MonoManager ReloadAssembly
Native extension for WindowsStandalone target not found
Refreshing native plugins compatible for Editor in 66.59 ms, found 7 plugins.
Preloading 0 native plugins for Editor in 0.00 ms.
[XR] [XR Mesh Provider]: RegisterLifecycleProvider.
[XR] [XR Input Provider]: RegisterLifecycleProvider.
[XR] Error loading subsystem: Display (1) (header mismatch?)
Mono: successfully reloaded assembly
- Completed reload, in  2.564 seconds
Platform modules already initialized, skipping
========================================================================
Worker process is ready to serve import requests
Launched and connected shader compiler UnityShaderCompiler.exe after 0.08 seconds
Refreshing native plugins compatible for Editor in 0.76 ms, found 7 plugins.
Preloading 0 native plugins for Editor in 0.00 ms.
Unloading 3126 Unused Serialized files (Serialized files now loaded: 0)
System memory in use before: 132.8 MB.
System memory in use after: 132.3 MB.

Unloading 518 unused Assets to reduce memory usage. Loaded Objects now: 3547.
Total: 4.117900 ms (FindLiveObjects: 0.453700 ms CreateObjectMapping: 0.218500 ms MarkObjects: 2.574800 ms  DeleteObjects: 0.869800 ms)

========================================================================
Received Import Request.
  path: Packages/com.microsoft.mixedreality.toolkit.foundation/SDK/Features/UX/Meshes/HolographicButton/CompoundButtonMeshes.fbx
  artifactKey: Guid(b566bbce04d66f4428421e81a3af0299) Importer(815301076,1909f56bfc062723c751e8b465ee728b)
Start importing Packages/com.microsoft.mixedreality.toolkit.foundation/SDK/Features/UX/Meshes/HolographicButton/CompoundButtonMeshes.fbx using Guid(b566bbce04d66f4428421e81a3af0299) Importer(815301076,1909f56bfc062723c751e8b465ee728b)  -> (artifact id: '6d76bace01ca361d395f259cbe6f2f57') in 0.603412 seconds
  Import took 0.610704 seconds .

========================================================================
Received Import Request.
  Time since last request: 0.000315 seconds.
  path: Packages/com.microsoft.mixedreality.toolkit.foundation/SDK/StandardAssets/Models/MRTK_BoundingBox_ScaleHandle_Slate.fbx
  artifactKey: Guid(a6473ac7ac982fb488db53a454bf0a3c) Importer(815301076,1909f56bfc062723c751e8b465ee728b)
Start importing Packages/com.microsoft.mixedreality.toolkit.foundation/SDK/StandardAssets/Models/MRTK_BoundingBox_ScaleHandle_Slate.fbx using Guid(a6473ac7ac982fb488db53a454bf0a3c) Importer(815301076,1909f56bfc062723c751e8b465ee728b)  -> (artifact id: '8a77abdaee4b200a181011c166e5e804') in 0.091908 seconds
  Import took 0.097718 seconds .

========================================================================
Received Prepare
Registering precompiled user dll's ...
Registered in 0.018150 seconds.
Begin MonoManager ReloadAssembly
Native extension for WindowsStandalone target not found
Refreshing native plugins compatible for Editor in 1.36 ms, found 7 plugins.
Preloading 0 native plugins for Editor in 0.00 ms.
Error when attempting to update scene info fields. Scene info data may be stale.
UnityEngine.StackTraceUtility:ExtractStackTrace ()
UnityEngine.DebugLogHandler:LogFormat (UnityEngine.LogType,UnityEngine.Object,string,object[])
UnityEngine.Logger:Log (UnityEngine.LogType,object)
UnityEngine.Debug:LogWarning (object)
Microsoft.MixedReality.Toolkit.Editor.SceneInfoUtils:RefreshSceneInfoFieldsInScriptableObjects () (at C:/Users/Carme/Documents/SpacialPerceptionTutorial1/Library/PackageCache/com.microsoft.mixedreality.toolkit.foundation@8caabe015a33-1622708658239/Core/Inspectors/PropertyDrawers/SceneInfoUtils.cs:313)
Microsoft.MixedReality.Toolkit.Editor.SceneInfoUtils:InitializeOnLoad () (at C:/Users/Carme/Documents/SpacialPerceptionTutorial1/Library/PackageCache/com.microsoft.mixedreality.toolkit.foundation@8caabe015a33-1622708658239/Core/Inspectors/PropertyDrawers/SceneInfoUtils.cs:231)

(Filename: C:/Users/Carme/Documents/SpacialPerceptionTutorial1/Library/PackageCache/com.microsoft.mixedreality.toolkit.foundation@8caabe015a33-1622708658239/Core/Inspectors/PropertyDrawers/SceneInfoUtils.cs Line: 313)

Mono: successfully reloaded assembly
- Completed reload, in  7.022 seconds
Platform modules already initialized, skipping
Switching build target platform(5) subTarget(0) extendedPlatform(0) -> platform(21) subTarget(3) extendedPlatform(0)
Refreshing native plugins compatible for Editor in 1.75 ms, found 7 plugins.
Preloading 0 native plugins for Editor in 0.00 ms.
Unloading 3009 Unused Serialized files (Serialized files now loaded: 0)
System memory in use before: 124.2 MB.
System memory in use after: 124.1 MB.

Unloading 39 unused Assets to reduce memory usage. Loaded Objects now: 3592.
Total: 5.557700 ms (FindLiveObjects: 0.563100 ms CreateObjectMapping: 0.368600 ms MarkObjects: 4.340800 ms  DeleteObjects: 0.282500 ms)

========================================================================
Received Prepare
Registering precompiled user dll's ...
Registered in 0.005892 seconds.
Begin MonoManager ReloadAssembly
Native extension for WindowsStandalone target not found
Refreshing native plugins compatible for Editor in 1.21 ms, found 7 plugins.
Preloading 0 native plugins for Editor in 0.00 ms.
Error when attempting to update scene info fields. Scene info data may be stale.
UnityEngine.StackTraceUtility:ExtractStackTrace ()
UnityEngine.DebugLogHandler:LogFormat (UnityEngine.LogType,UnityEngine.Object,string,object[])
UnityEngine.Logger:Log (UnityEngine.LogType,object)
UnityEngine.Debug:LogWarning (object)
Microsoft.MixedReality.Toolkit.Editor.SceneInfoUtils:RefreshSceneInfoFieldsInScriptableObjects () (at C:/Users/Carme/Documents/SpacialPerceptionTutorial1/Library/PackageCache/com.microsoft.mixedreality.toolkit.foundation@8caabe015a33-1622708658239/Core/Inspectors/PropertyDrawers/SceneInfoUtils.cs:313)
Microsoft.MixedReality.Toolkit.Editor.SceneInfoUtils:InitializeOnLoad () (at C:/Users/Carme/Documents/SpacialPerceptionTutorial1/Library/PackageCache/com.microsoft.mixedreality.toolkit.foundation@8caabe015a33-1622708658239/Core/Inspectors/PropertyDrawers/SceneInfoUtils.cs:231)

(Filename: C:/Users/Carme/Documents/SpacialPerceptionTutorial1/Library/PackageCache/com.microsoft.mixedreality.toolkit.foundation@8caabe015a33-1622708658239/Core/Inspectors/PropertyDrawers/SceneInfoUtils.cs Line: 313)

Mono: successfully reloaded assembly
- Completed reload, in  3.007 seconds
Platform modules already initialized, skipping
Switching build target platform(5) subTarget(0) extendedPlatform(0) -> platform(21) subTarget(3) extendedPlatform(0)
Refreshing native plugins compatible for Editor in 1.40 ms, found 7 plugins.
Preloading 0 native plugins for Editor in 0.00 ms.
Unloading 3009 Unused Serialized files (Serialized files now loaded: 0)
System memory in use before: 124.3 MB.
System memory in use after: 124.1 MB.

Unloading 39 unused Assets to reduce memory usage. Loaded Objects now: 3596.
Total: 6.980100 ms (FindLiveObjects: 0.758200 ms CreateObjectMapping: 0.674900 ms MarkObjects: 5.374400 ms  DeleteObjects: 0.170200 ms)

========================================================================
Received Import Request.
  Time since last request: 407.904799 seconds.
  path: Packages/com.microsoft.mixedreality.toolkit.foundation/SDK/Features/UX/Interactable/Materials/Background.mat
  artifactKey: Guid(b861d27e49afd724286961e0f6a1de52) Importer(815301076,1909f56bfc062723c751e8b465ee728b)
Start importing Packages/com.microsoft.mixedreality.toolkit.foundation/SDK/Features/UX/Interactable/Materials/Background.mat using Guid(b861d27e49afd724286961e0f6a1de52) Importer(815301076,1909f56bfc062723c751e8b465ee728b)  -> (artifact id: '4d2e364572aa0dc170612d4980defcc3') in 0.347507 seconds
  Import took 0.358128 seconds .

========================================================================
Received Import Request.
  Time since last request: 0.000469 seconds.
  path: Packages/com.microsoft.mixedreality.toolkit.foundation/SDK/Features/UX/Interactable/Materials/HolographicButtonIconRadioOn.mat
  artifactKey: Guid(c6de6d90801c3304682978f7090f886e) Importer(815301076,1909f56bfc062723c751e8b465ee728b)
Start importing Packages/com.microsoft.mixedreality.toolkit.foundation/SDK/Features/UX/Interactable/Materials/HolographicButtonIconRadioOn.mat using Guid(c6de6d90801c3304682978f7090f886e) Importer(815301076,1909f56bfc062723c751e8b465ee728b)  -> (artifact id: 'a1e5f9250fd356229cc5472202bd7ef3') in 0.144873 seconds
  Import took 0.156441 seconds .

========================================================================
Received Import Request.
  Time since last request: 0.000570 seconds.
  path: Packages/com.microsoft.mixedreality.toolkit.foundation/SDK/Features/UX/Interactable/Materials/HolographicBackPlateRecordingState.mat
  artifactKey: Guid(68581ab65a54bad45b3d0fbfca7613fe) Importer(815301076,1909f56bfc062723c751e8b465ee728b)
Start importing Packages/com.microsoft.mixedreality.toolkit.foundation/SDK/Features/UX/Interactable/Materials/HolographicBackPlateRecordingState.mat using Guid(68581ab65a54bad45b3d0fbfca7613fe) Importer(815301076,1909f56bfc062723c751e8b465ee728b)  -> (artifact id: 'd32b8e961116fcbdc87bf5fc34089bc2') in 0.088845 seconds
  Import took 0.102320 seconds .

========================================================================
Received Import Request.
  Time since last request: 0.000557 seconds.
  path: Packages/com.microsoft.mixedreality.toolkit.foundation/SDK/Features/UX/Interactable/Materials/HolographicButtonIconGrabAreaDoubleProximity.mat
  artifactKey: Guid(6fa3adcc7cedfc8408bf18cf21ea68c0) Importer(815301076,1909f56bfc062723c751e8b465ee728b)
Start importing Packages/com.microsoft.mixedreality.toolkit.foundation/SDK/Features/UX/Interactable/Materials/HolographicButtonIconGrabAreaDoubleProximity.mat using Guid(6fa3adcc7cedfc8408bf18cf21ea68c0) Importer(815301076,1909f56bfc062723c751e8b465ee728b)  -> (artifact id: 'a44ac7b528759b01207933b2922ff63f') in 0.125269 seconds
  Import took 0.137880 seconds .

========================================================================
Received Import Request.
  Time since last request: 0.000527 seconds.
  path: Packages/com.microsoft.mixedreality.toolkit.foundation/SDK/Features/UX/Interactable/Materials/HolographicButtonIconHandJoint.mat
  artifactKey: Guid(e6ab953dc933471489f5ebff6791a886) Importer(815301076,1909f56bfc062723c751e8b465ee728b)
Start importing Packages/com.microsoft.mixedreality.toolkit.foundation/SDK/Features/UX/Interactable/Materials/HolographicButtonIconHandJoint.mat using Guid(e6ab953dc933471489f5ebff6791a886) Importer(815301076,1909f56bfc062723c751e8b465ee728b)  -> (artifact id: 'e7774ab6701f2ff712c55a18dbc1c563') in 0.267340 seconds
  Import took 0.278800 seconds .

========================================================================
Received Import Request.
  Time since last request: 0.000514 seconds.
  path: Packages/com.microsoft.mixedreality.toolkit.foundation/SDK/Features/UX/Interactable/Models/InteractableAssets.FBX
  artifactKey: Guid(3d93f7219bba0634a9ee26865f9d6a3c) Importer(815301076,1909f56bfc062723c751e8b465ee728b)
Start importing Packages/com.microsoft.mixedreality.toolkit.foundation/SDK/Features/UX/Interactable/Models/InteractableAssets.FBX using Guid(3d93f7219bba0634a9ee26865f9d6a3c) Importer(815301076,1909f56bfc062723c751e8b465ee728b)  -> (artifact id: 'd9a53a734f4a0e9bfd04be69ef804b0d') in 0.329729 seconds
  Import took 0.341175 seconds .

========================================================================
Received Import Request.
  Time since last request: 0.000460 seconds.
  path: Packages/com.microsoft.mixedreality.toolkit.foundation/SDK/Features/UX/Interactable/Materials/HolographicBackPlateThickBorder.mat
  artifactKey: Guid(f9326c3bd04b792498b7ba61c1aaeeb9) Importer(815301076,1909f56bfc062723c751e8b465ee728b)
Start importing Packages/com.microsoft.mixedreality.toolkit.foundation/SDK/Features/UX/Interactable/Materials/HolographicBackPlateThickBorder.mat using Guid(f9326c3bd04b792498b7ba61c1aaeeb9) Importer(815301076,1909f56bfc062723c751e8b465ee728b)  -> (artifact id: 'd4b4764c252eadc2bff00ff5aedacdaf') in 0.045116 seconds
  Import took 0.054100 seconds .

========================================================================
Received Import Request.
  Time since last request: 0.000604 seconds.
  path: Packages/com.microsoft.mixedreality.toolkit.foundation/SDK/Features/UX/Interactable/Materials/HolographicBackPlateCircular.mat
  artifactKey: Guid(68f0ad9fadae8b3438ebd66cdba2b20f) Importer(815301076,1909f56bfc062723c751e8b465ee728b)
Start importing Packages/com.microsoft.mixedreality.toolkit.foundation/SDK/Features/UX/Interactable/Materials/HolographicBackPlateCircular.mat using Guid(68f0ad9fadae8b3438ebd66cdba2b20f) Importer(815301076,1909f56bfc062723c751e8b465ee728b)  -> (artifact id: '4daf00aad47c6e1460644f5fd590884f') in 0.062031 seconds
  Import took 0.070192 seconds .

========================================================================
Received Import Request.
  Time since last request: 0.000432 seconds.
  path: Packages/com.microsoft.mixedreality.toolkit.foundation/SDK/Features/UX/Interactable/Materials/HolographicButtonIconMessage.mat
  artifactKey: Guid(c3ec3f87c678f3d48bc51f5625647104) Importer(815301076,1909f56bfc062723c751e8b465ee728b)
Start importing Packages/com.microsoft.mixedreality.toolkit.foundation/SDK/Features/UX/Interactable/Materials/HolographicButtonIconMessage.mat using Guid(c3ec3f87c678f3d48bc51f5625647104) Importer(815301076,1909f56bfc062723c751e8b465ee728b)  -> (artifact id: 'c01009f224e1d5b0fde1a2aec2295db6') in 0.170331 seconds
  Import took 0.179055 seconds .

========================================================================
Received Import Request.
  Time since last request: 0.000420 seconds.
  path: Packages/com.microsoft.mixedreality.toolkit.foundation/SDK/Features/UX/Interactable/Materials/HolographicButtonIconCheckBoxOff.mat
  artifactKey: Guid(d263b1c7b0982b04f8cf95851e838930) Importer(815301076,1909f56bfc062723c751e8b465ee728b)
Start importing Packages/com.microsoft.mixedreality.toolkit.foundation/SDK/Features/UX/Interactable/Materials/HolographicButtonIconCheckBoxOff.mat using Guid(d263b1c7b0982b04f8cf95851e838930) Importer(815301076,1909f56bfc062723c751e8b465ee728b)  -> (artifact id: '91c51c439694a2580d6771f4bddf5b5e') in 0.116788 seconds
  Import took 0.124771 seconds .

========================================================================
Received Import Request.
  Time since last request: 0.000522 seconds.
  path: Packages/com.microsoft.mixedreality.toolkit.foundation/SDK/Features/UX/Interactable/Materials/Foreground.mat
  artifactKey: Guid(3b3d487d6722afe489a882284f787bbd) Importer(815301076,1909f56bfc062723c751e8b465ee728b)
Start importing Packages/com.microsoft.mixedreality.toolkit.foundation/SDK/Features/UX/Interactable/Materials/Foreground.mat using Guid(3b3d487d6722afe489a882284f787bbd) Importer(815301076,1909f56bfc062723c751e8b465ee728b)  -> (artifact id: '8881b93a1e34cce2d0fa50c07cba9440') in 0.155230 seconds
  Import took 0.164177 seconds .

========================================================================
Received Import Request.
  Time since last request: 0.000643 seconds.
  path: Packages/com.microsoft.mixedreality.toolkit.foundation/SDK/Features/UX/Interactable/Materials/HolographicBackPlateGrabbable.mat
  artifactKey: Guid(b422ff31060379342bb34bf8c22239e6) Importer(815301076,1909f56bfc062723c751e8b465ee728b)
Start importing Packages/com.microsoft.mixedreality.toolkit.foundation/SDK/Features/UX/Interactable/Materials/HolographicBackPlateGrabbable.mat using Guid(b422ff31060379342bb34bf8c22239e6) Importer(815301076,1909f56bfc062723c751e8b465ee728b)  -> (artifact id: 'c4b63dca69e21d13f1888b7aa31967b3') in 0.462385 seconds
  Import took 0.483189 seconds .

========================================================================
Received Import Request.
  Time since last request: 0.000620 seconds.
  path: Packages/com.microsoft.mixedreality.toolkit.foundation/SDK/Features/UX/Interactable/Materials/HolographicButtonIconAdd.mat
  artifactKey: Guid(ccf34f78a6419584fa9cea97b5e46131) Importer(815301076,1909f56bfc062723c751e8b465ee728b)
Start importing Packages/com.microsoft.mixedreality.toolkit.foundation/SDK/Features/UX/Interactable/Materials/HolographicButtonIconAdd.mat using Guid(ccf34f78a6419584fa9cea97b5e46131) Importer(815301076,1909f56bfc062723c751e8b465ee728b)  -> (artifact id: '1f6f654bb47cf4d49abbef5e786045c8') in 0.044697 seconds
  Import took 0.052837 seconds .

========================================================================
Received Import Request.
  Time since last request: 0.000450 seconds.
  path: Packages/com.microsoft.mixedreality.toolkit.foundation/SDK/Features/UX/Interactable/Materials/HolographicButtonIconHome.mat
  artifactKey: Guid(d3ec6f10c2cd7564693e6e59ca3239be) Importer(815301076,1909f56bfc062723c751e8b465ee728b)
Start importing Packages/com.microsoft.mixedreality.toolkit.foundation/SDK/Features/UX/Interactable/Materials/HolographicButtonIconHome.mat using Guid(d3ec6f10c2cd7564693e6e59ca3239be) Importer(815301076,1909f56bfc062723c751e8b465ee728b)  -> (artifact id: 'b7192b6ef6b6e0e8ef47f5035c2a6ef2') in 0.080071 seconds
  Import took 0.087630 seconds .

========================================================================
Received Import Request.
  Time since last request: 0.000454 seconds.
  path: Packages/com.microsoft.mixedreality.toolkit.foundation/SDK/Features/UX/Interactable/Materials/HolographicButtonContentCageProximityCircular.mat
  artifactKey: Guid(ed88a1368a3ad7248b15504ada5915a6) Importer(815301076,1909f56bfc062723c751e8b465ee728b)
Start importing Packages/com.microsoft.mixedreality.toolkit.foundation/SDK/Features/UX/Interactable/Materials/HolographicButtonContentCageProximityCircular.mat using Guid(ed88a1368a3ad7248b15504ada5915a6) Importer(815301076,1909f56bfc062723c751e8b465ee728b)  -> (artifact id: 'aeace03f18d5fe7ff897e34a2aab464b') in 0.216915 seconds
  Import took 0.225192 seconds .

========================================================================
Received Import Request.
  Time since last request: 0.000515 seconds.
  path: Packages/com.microsoft.mixedreality.toolkit.foundation/SDK/Features/UX/Interactable/Materials/HolographicButtonIconRefresh.mat
  artifactKey: Guid(467ed030160339e4b8ec795630ed12aa) Importer(815301076,1909f56bfc062723c751e8b465ee728b)
Start importing Packages/com.microsoft.mixedreality.toolkit.foundation/SDK/Features/UX/Interactable/Materials/HolographicButtonIconRefresh.mat using Guid(467ed030160339e4b8ec795630ed12aa) Importer(815301076,1909f56bfc062723c751e8b465ee728b)  -> (artifact id: '7e1bff2e26d20e939d6a373649f3067d') in 0.042085 seconds
  Import took 0.050573 seconds .

========================================================================
Received Import Request.
  Time since last request: 0.000494 seconds.
  path: Packages/com.microsoft.mixedreality.toolkit.foundation/SDK/Features/UX/Interactable/Materials/CarryModeOutline.mat
  artifactKey: Guid(15445dbe491e8f9428ad63168cae68eb) Importer(815301076,1909f56bfc062723c751e8b465ee728b)
Start importing Packages/com.microsoft.mixedreality.toolkit.foundation/SDK/Features/UX/Interactable/Materials/CarryModeOutline.mat using Guid(15445dbe491e8f9428ad63168cae68eb) Importer(815301076,1909f56bfc062723c751e8b465ee728b)  -> (artifact id: 'e9815fb4c3cab4bcedb985ca94979d85') in 0.261582 seconds
  Import took 0.271806 seconds .

========================================================================
Received Import Request.
  Time since last request: 0.000574 seconds.
  path: Packages/com.microsoft.mixedreality.toolkit.foundation/SDK/Features/UX/Interactable/Materials/HolographicButtonIconCheckBoxOn.mat
  artifactKey: Guid(1ccfc827337533c49897a0179bda4e6e) Importer(815301076,1909f56bfc062723c751e8b465ee728b)
Start importing Packages/com.microsoft.mixedreality.toolkit.foundation/SDK/Features/UX/Interactable/Materials/HolographicButtonIconCheckBoxOn.mat using Guid(1ccfc827337533c49897a0179bda4e6e) Importer(815301076,1909f56bfc062723c751e8b465ee728b)  -> (artifact id: '748477ba5a74a62c41bb8a1595bdf1a5') in 0.060571 seconds
  Import took 0.069275 seconds .

========================================================================
Received Import Request.
  Time since last request: 0.000486 seconds.
  path: Packages/com.microsoft.mixedreality.toolkit.foundation/SDK/Features/UX/Interactable/Materials/HolographicButtonIconClose.mat
  artifactKey: Guid(115e8a36a794d414d96ca3ae31a090fe) Importer(815301076,1909f56bfc062723c751e8b465ee728b)
Start importing Packages/com.microsoft.mixedreality.toolkit.foundation/SDK/Features/UX/Interactable/Materials/HolographicButtonIconClose.mat using Guid(115e8a36a794d414d96ca3ae31a090fe) Importer(815301076,1909f56bfc062723c751e8b465ee728b)  -> (artifact id: '859bc1895d08cbf67a9f4408df9b6416') in 0.041162 seconds
  Import took 0.051742 seconds .

========================================================================
Received Import Request.
  Time since last request: 0.000552 seconds.
  path: Packages/com.microsoft.mixedreality.toolkit.foundation/SDK/Features/UX/Interactable/Materials/HolographicButtonIconProfiler.mat
  artifactKey: Guid(85b164de2cfcb854cbbcb9c82670749d) Importer(815301076,1909f56bfc062723c751e8b465ee728b)
Start importing Packages/com.microsoft.mixedreality.toolkit.foundation/SDK/Features/UX/Interactable/Materials/HolographicButtonIconProfiler.mat using Guid(85b164de2cfcb854cbbcb9c82670749d) Importer(815301076,1909f56bfc062723c751e8b465ee728b)  -> (artifact id: '049d5b2e1364282edf56a013d9bf4086') in 0.102372 seconds
  Import took 0.110567 seconds .

========================================================================
Received Import Request.
  Time since last request: 0.000476 seconds.
  path: Packages/com.microsoft.mixedreality.toolkit.foundation/SDK/Features/UX/Interactable/Materials/HolographicButtonIconCamera.mat
  artifactKey: Guid(943fce092bd9aea49808ff09b520bf74) Importer(815301076,1909f56bfc062723c751e8b465ee728b)
Start importing Packages/com.microsoft.mixedreality.toolkit.foundation/SDK/Features/UX/Interactable/Materials/HolographicButtonIconCamera.mat using Guid(943fce092bd9aea49808ff09b520bf74) Importer(815301076,1909f56bfc062723c751e8b465ee728b)  -> (artifact id: '395e157ec90d55d98e3ca70cdd47853a') in 0.045769 seconds
  Import took 0.052975 seconds .

========================================================================
Received Import Request.
  Time since last request: 0.000447 seconds.
  path: Packages/com.microsoft.mixedreality.toolkit.foundation/SDK/Features/UX/Interactable/Materials/HolographicBackPlateGrabbableProximity.mat
  artifactKey: Guid(7bb46fe0291383e41b1cd86f2a9b2479) Importer(815301076,1909f56bfc062723c751e8b465ee728b)
Start importing Packages/com.microsoft.mixedreality.toolkit.foundation/SDK/Features/UX/Interactable/Materials/HolographicBackPlateGrabbableProximity.mat using Guid(7bb46fe0291383e41b1cd86f2a9b2479) Importer(815301076,1909f56bfc062723c751e8b465ee728b)  -> (artifact id: '790eb14701094240929ee7fc6be9dabe') in 0.279249 seconds
  Import took 0.288047 seconds .

========================================================================
Received Import Request.
  Time since last request: 0.000835 seconds.
  path: Packages/com.microsoft.mixedreality.toolkit.foundation/SDK/Features/UX/Interactable/Materials/HolographicButtonIconPin.mat
  artifactKey: Guid(983d124b2920b4e4499bfc42d1bee8d2) Importer(815301076,1909f56bfc062723c751e8b465ee728b)
Start importing Packages/com.microsoft.mixedreality.toolkit.foundation/SDK/Features/UX/Interactable/Materials/HolographicButtonIconPin.mat using Guid(983d124b2920b4e4499bfc42d1bee8d2) Importer(815301076,1909f56bfc062723c751e8b465ee728b)  -> (artifact id: '5a17bb707fb670a4b1717b6a9398611d') in 0.097572 seconds
  Import took 0.107227 seconds .

========================================================================
Received Import Request.
  Time since last request: 0.000405 seconds.
  path: Packages/com.microsoft.mixedreality.toolkit.foundation/SDK/Features/UX/Interactable/Materials/HolographicBackPlateLabel.mat
  artifactKey: Guid(33bd7ed5b0c7fbf458af3e21dc58c192) Importer(815301076,1909f56bfc062723c751e8b465ee728b)
Start importing Packages/com.microsoft.mixedreality.toolkit.foundation/SDK/Features/UX/Interactable/Materials/HolographicBackPlateLabel.mat using Guid(33bd7ed5b0c7fbf458af3e21dc58c192) Importer(815301076,1909f56bfc062723c751e8b465ee728b)  -> (artifact id: 'f614c00ad7193ac430035a23aaaf8411') in 0.099367 seconds
  Import took 0.109836 seconds .

========================================================================
Received Import Request.
  Time since last request: 0.000508 seconds.
  path: Packages/com.microsoft.mixedreality.toolkit.foundation/SDK/Features/UX/Interactable/Materials/HolographicButtonIconMRTKLogo.mat
  artifactKey: Guid(a733cc411dc53cc4794e0f29c2ca990b) Importer(815301076,1909f56bfc062723c751e8b465ee728b)
Start importing Packages/com.microsoft.mixedreality.toolkit.foundation/SDK/Features/UX/Interactable/Materials/HolographicButtonIconMRTKLogo.mat using Guid(a733cc411dc53cc4794e0f29c2ca990b) Importer(815301076,1909f56bfc062723c751e8b465ee728b)  -> (artifact id: '7eb7d84154d80fd0e5ae82f77f5dfae6') in 0.153605 seconds
  Import took 0.161403 seconds .

========================================================================
Received Import Request.
  Time since last request: 0.000548 seconds.
  path: Packages/com.microsoft.mixedreality.toolkit.foundation/SDK/Features/UX/Interactable/Materials/ColorButtonProximity.mat
  artifactKey: Guid(bdccf05745da15347b32e2a4ff255dc9) Importer(815301076,1909f56bfc062723c751e8b465ee728b)
Start importing Packages/com.microsoft.mixedreality.toolkit.foundation/SDK/Features/UX/Interactable/Materials/ColorButtonProximity.mat using Guid(bdccf05745da15347b32e2a4ff255dc9) Importer(815301076,1909f56bfc062723c751e8b465ee728b)  -> (artifact id: '4a60b0eea9d37426747ff432caa901e6') in 0.252694 seconds
  Import took 0.260497 seconds .

========================================================================
Received Import Request.
  Time since last request: 0.000447 seconds.
  path: Packages/com.microsoft.mixedreality.toolkit.foundation/SDK/Features/UX/Interactable/Materials/HolographicBackPlateBorderOnly.mat
  artifactKey: Guid(416caa6b57bb22c40ab9f1a4c12b304e) Importer(815301076,1909f56bfc062723c751e8b465ee728b)
Start importing Packages/com.microsoft.mixedreality.toolkit.foundation/SDK/Features/UX/Interactable/Materials/HolographicBackPlateBorderOnly.mat using Guid(416caa6b57bb22c40ab9f1a4c12b304e) Importer(815301076,1909f56bfc062723c751e8b465ee728b)  -> (artifact id: 'c67426d6e845c774eadf5c90bc9e4ae2') in 0.036730 seconds
  Import took 0.047120 seconds .

========================================================================
Received Import Request.
  Time since last request: 0.000706 seconds.
  path: Packages/com.microsoft.mixedreality.toolkit.foundation/SDK/Features/UX/Interactable/Materials/HolographicButtonContentCageProximity.mat
  artifactKey: Guid(329cdefad4cf0f14e9b6767d0af094b0) Importer(815301076,1909f56bfc062723c751e8b465ee728b)
Start importing Packages/com.microsoft.mixedreality.toolkit.foundation/SDK/Features/UX/Interactable/Materials/HolographicButtonContentCageProximity.mat using Guid(329cdefad4cf0f14e9b6767d0af094b0) Importer(815301076,1909f56bfc062723c751e8b465ee728b)  -> (artifact id: '632d00de6e69bd44e340bccf1c4a6520') in 0.079842 seconds
  Import took 0.093319 seconds .

========================================================================
Received Import Request.
  Time since last request: 0.000529 seconds.
  path: Packages/com.microsoft.mixedreality.toolkit.foundation/SDK/Features/UX/Interactable/Materials/HolographicButtonIconGrabAreaVertical.mat
  artifactKey: Guid(b491e50f6adf1ad4485d30f9d945271c) Importer(815301076,1909f56bfc062723c751e8b465ee728b)
Start importing Packages/com.microsoft.mixedreality.toolkit.foundation/SDK/Features/UX/Interactable/Materials/HolographicButtonIconGrabAreaVertical.mat using Guid(b491e50f6adf1ad4485d30f9d945271c) Importer(815301076,1909f56bfc062723c751e8b465ee728b)  -> (artifact id: '11431c4429b9cc592ad867a36be5f7cc') in 0.110108 seconds
  Import took 0.119619 seconds .

========================================================================
Received Import Request.
  Time since last request: 0.000463 seconds.
  path: Packages/com.microsoft.mixedreality.toolkit.foundation/SDK/Features/UX/Interactable/Materials/HolographicBackPlateGrabbed.mat
  artifactKey: Guid(16526572b35ecaa4ba781a0bff18ab12) Importer(815301076,1909f56bfc062723c751e8b465ee728b)
Start importing Packages/com.microsoft.mixedreality.toolkit.foundation/SDK/Features/UX/Interactable/Materials/HolographicBackPlateGrabbed.mat using Guid(16526572b35ecaa4ba781a0bff18ab12) Importer(815301076,1909f56bfc062723c751e8b465ee728b)  -> (artifact id: '44c7d4b35a580f68e543b54db47e9df1') in 0.054172 seconds
  Import took 0.063963 seconds .

========================================================================
Received Import Request.
  Time since last request: 0.000403 seconds.
  path: Packages/com.microsoft.mixedreality.toolkit.foundation/SDK/Features/UX/Interactable/Materials/HolographicButtonContentCageProximityCircularUnityUI.mat
  artifactKey: Guid(9c3c9d308f2be564192c53122c77079b) Importer(815301076,1909f56bfc062723c751e8b465ee728b)
Start importing Packages/com.microsoft.mixedreality.toolkit.foundation/SDK/Features/UX/Interactable/Materials/HolographicButtonContentCageProximityCircularUnityUI.mat using Guid(9c3c9d308f2be564192c53122c77079b) Importer(815301076,1909f56bfc062723c751e8b465ee728b)  -> (artifact id: '28526496389e4346552554e2f628e110') in 0.053949 seconds
  Import took 0.065126 seconds .

========================================================================
Received Import Request.
  Time since last request: 0.000399 seconds.
  path: Packages/com.microsoft.mixedreality.toolkit.foundation/SDK/Features/UX/Interactable/Materials/HolographicBackPlate.mat
  artifactKey: Guid(ec72a3a105768f746b556a8dfdae61a8) Importer(815301076,1909f56bfc062723c751e8b465ee728b)
Start importing Packages/com.microsoft.mixedreality.toolkit.foundation/SDK/Features/UX/Interactable/Materials/HolographicBackPlate.mat using Guid(ec72a3a105768f746b556a8dfdae61a8) Importer(815301076,1909f56bfc062723c751e8b465ee728b)  -> (artifact id: '6e70d6f54545e7f9b593b7bad3901537') in 0.039101 seconds
  Import took 0.048631 seconds .

========================================================================
Received Import Request.
  Time since last request: 0.000468 seconds.
  path: Packages/com.microsoft.mixedreality.toolkit.foundation/SDK/Features/UX/Interactable/Materials/HolographicButtonIconFollowMe.mat
  artifactKey: Guid(929f4e12c37d25a4ba6ddce457e88551) Importer(815301076,1909f56bfc062723c751e8b465ee728b)
Start importing Packages/com.microsoft.mixedreality.toolkit.foundation/SDK/Features/UX/Interactable/Materials/HolographicButtonIconFollowMe.mat using Guid(929f4e12c37d25a4ba6ddce457e88551) Importer(815301076,1909f56bfc062723c751e8b465ee728b)  -> (artifact id: 'f2e1e2e758934f033734b564832062e1') in 0.051334 seconds
  Import took 0.065022 seconds .

========================================================================
Received Import Request.
  Time since last request: 0.000475 seconds.
  path: Packages/com.microsoft.mixedreality.toolkit.foundation/SDK/Features/UX/Interactable/Materials/HolographicButtonIconGrabAreaDouble.mat
  artifactKey: Guid(562472529ff7b124fb4142dc857bcda7) Importer(815301076,1909f56bfc062723c751e8b465ee728b)
Start importing Packages/com.microsoft.mixedreality.toolkit.foundation/SDK/Features/UX/Interactable/Materials/HolographicButtonIconGrabAreaDouble.mat using Guid(562472529ff7b124fb4142dc857bcda7) Importer(815301076,1909f56bfc062723c751e8b465ee728b)  -> (artifact id: 'ae4766b8e96f0709796432f249e25c34') in 0.137664 seconds
  Import took 0.149379 seconds .

========================================================================
Received Import Request.
  Time since last request: 0.000553 seconds.
  path: Packages/com.microsoft.mixedreality.toolkit.foundation/SDK/Features/UX/Interactable/Materials/HolographicBackPlateToggleState.mat
  artifactKey: Guid(552f1a3245d3edc4a96fe296c950532a) Importer(815301076,1909f56bfc062723c751e8b465ee728b)
Start importing Packages/com.microsoft.mixedreality.toolkit.foundation/SDK/Features/UX/Interactable/Materials/HolographicBackPlateToggleState.mat using Guid(552f1a3245d3edc4a96fe296c950532a) Importer(815301076,1909f56bfc062723c751e8b465ee728b)  -> (artifact id: 'dcc726117aee10bdbfe523e95c15a77d') in 0.036857 seconds
  Import took 0.045514 seconds .

========================================================================
Received Import Request.
  Time since last request: 0.000370 seconds.
  path: Packages/com.microsoft.mixedreality.toolkit.foundation/SDK/Features/UX/Interactable/Materials/DefaultButton.mat
  artifactKey: Guid(11a74654c6e973049993e13dd7e9733f) Importer(815301076,1909f56bfc062723c751e8b465ee728b)
Start importing Packages/com.microsoft.mixedreality.toolkit.foundation/SDK/Features/UX/Interactable/Materials/DefaultButton.mat using Guid(11a74654c6e973049993e13dd7e9733f) Importer(815301076,1909f56bfc062723c751e8b465ee728b)  -> (artifact id: 'a0db0cdd72acfeb8fe93086f5e7cac2e') in 0.204687 seconds
  Import took 0.220566 seconds .

========================================================================
Received Import Request.
  Time since last request: 0.001036 seconds.
  path: Packages/com.microsoft.mixedreality.toolkit.foundation/SDK/Features/UX/Interactable/Materials/HolographicButtonIconHandMesh.mat
  artifactKey: Guid(7344413e86980e943b39f9d8080ed99f) Importer(815301076,1909f56bfc062723c751e8b465ee728b)
Start importing Packages/com.microsoft.mixedreality.toolkit.foundation/SDK/Features/UX/Interactable/Materials/HolographicButtonIconHandMesh.mat using Guid(7344413e86980e943b39f9d8080ed99f) Importer(815301076,1909f56bfc062723c751e8b465ee728b)  -> (artifact id: '17f223ffef6264d8b2f89a41ebc2527c') in 0.108532 seconds
  Import took 0.122428 seconds .

========================================================================
Received Import Request.
  Time since last request: 0.000467 seconds.
  path: Packages/com.microsoft.mixedreality.toolkit.foundation/SDK/Features/UX/Interactable/Materials/HolographicBackPlateHover.mat
  artifactKey: Guid(8c3faec7fe20fa049a963e86c6a92a3f) Importer(815301076,1909f56bfc062723c751e8b465ee728b)
Start importing Packages/com.microsoft.mixedreality.toolkit.foundation/SDK/Features/UX/Interactable/Materials/HolographicBackPlateHover.mat using Guid(8c3faec7fe20fa049a963e86c6a92a3f) Importer(815301076,1909f56bfc062723c751e8b465ee728b)  -> (artifact id: '750c04d777a6af6402a6dce3aea212e5') in 0.051889 seconds
  Import took 0.064192 seconds .

========================================================================
Received Import Request.
  Time since last request: 0.000561 seconds.
  path: Packages/com.microsoft.mixedreality.toolkit.foundation/SDK/Features/UX/Interactable/Materials/HolographicButtonIconFontMaterial.mat
  artifactKey: Guid(fa419ab56051229449e3b813df8f295f) Importer(815301076,1909f56bfc062723c751e8b465ee728b)
Start importing Packages/com.microsoft.mixedreality.toolkit.foundation/SDK/Features/UX/Interactable/Materials/HolographicButtonIconFontMaterial.mat using Guid(fa419ab56051229449e3b813df8f295f) Importer(815301076,1909f56bfc062723c751e8b465ee728b)  -> (artifact id: 'a5b0a280a63bca93ca4625d93d5d7aa0') in 0.037533 seconds
  Import took 0.049632 seconds .

========================================================================
Received Import Request.
  Time since last request: 0.000503 seconds.
  path: Packages/com.microsoft.mixedreality.toolkit.foundation/SDK/Features/UX/Interactable/Materials/HolographicBackPlateNoBorder.mat
  artifactKey: Guid(40261cd01d861f241b945b4fb6609cff) Importer(815301076,1909f56bfc062723c751e8b465ee728b)
Start importing Packages/com.microsoft.mixedreality.toolkit.foundation/SDK/Features/UX/Interactable/Materials/HolographicBackPlateNoBorder.mat using Guid(40261cd01d861f241b945b4fb6609cff) Importer(815301076,1909f56bfc062723c751e8b465ee728b)  -> (artifact id: '181c76e8dabdf2d86e2dc55d07fc9a48') in 0.050688 seconds
  Import took 0.063506 seconds .

========================================================================
Received Import Request.
  Time since last request: 0.000458 seconds.
  path: Packages/com.microsoft.mixedreality.toolkit.foundation/SDK/Features/UX/Interactable/Materials/ColorButton.mat
  artifactKey: Guid(745567f5ce7a31346bc19e4f940b9203) Importer(815301076,1909f56bfc062723c751e8b465ee728b)
Start importing Packages/com.microsoft.mixedreality.toolkit.foundation/SDK/Features/UX/Interactable/Materials/ColorButton.mat using Guid(745567f5ce7a31346bc19e4f940b9203) Importer(815301076,1909f56bfc062723c751e8b465ee728b)  -> (artifact id: 'c5258d6b00f4b1464ab2075b489b2437') in 0.298480 seconds
  Import took 0.308348 seconds .

========================================================================
Received Import Request.
  Time since last request: 0.000505 seconds.
  path: Packages/com.microsoft.mixedreality.toolkit.foundation/SDK/Features/UX/Interactable/Materials/HolographicButtonContentCage.mat
  artifactKey: Guid(7a340917eaca38f43a0deae0b3175ae2) Importer(815301076,1909f56bfc062723c751e8b465ee728b)
Start importing Packages/com.microsoft.mixedreality.toolkit.foundation/SDK/Features/UX/Interactable/Materials/HolographicButtonContentCage.mat using Guid(7a340917eaca38f43a0deae0b3175ae2) Importer(815301076,1909f56bfc062723c751e8b465ee728b)  -> (artifact id: 'a636844ca5a1884b2a8b865dbb9bf188') in 0.094877 seconds
  Import took 0.100999 seconds .

========================================================================
Received Import Request.
  Time since last request: 0.000363 seconds.
  path: Packages/com.microsoft.mixedreality.toolkit.foundation/SDK/Features/UX/Interactable/Materials/HolographicButtonContent.mat
  artifactKey: Guid(1ad68daec9ac6374cb32214e55dc158e) Importer(815301076,1909f56bfc062723c751e8b465ee728b)
Start importing Packages/com.microsoft.mixedreality.toolkit.foundation/SDK/Features/UX/Interactable/Materials/HolographicButtonContent.mat using Guid(1ad68daec9ac6374cb32214e55dc158e) Importer(815301076,1909f56bfc062723c751e8b465ee728b)  -> (artifact id: 'd2d7750d1c7019fd8da6a637c1bae3f1') in 0.157813 seconds
  Import took 0.164824 seconds .

========================================================================
Received Import Request.
  Time since last request: 0.001721 seconds.
  path: Packages/com.microsoft.mixedreality.toolkit.foundation/SDK/Features/UX/Interactable/Materials/HolographicBox.mat
  artifactKey: Guid(759c267043bbdb14797cc0a594891352) Importer(815301076,1909f56bfc062723c751e8b465ee728b)
Start importing Packages/com.microsoft.mixedreality.toolkit.foundation/SDK/Features/UX/Interactable/Materials/HolographicBox.mat using Guid(759c267043bbdb14797cc0a594891352) Importer(815301076,1909f56bfc062723c751e8b465ee728b)  -> (artifact id: '97880345939e3564cffc99d573191752') in 0.240429 seconds
  Import took 0.248279 seconds .

========================================================================
Received Import Request.
  Time since last request: 0.000359 seconds.
  path: Packages/com.microsoft.mixedreality.toolkit.foundation/SDK/Features/UX/Interactable/Materials/HolographicButtonIconMicrophone.mat
  artifactKey: Guid(23b680d6c13ccad4ba5004f1b6a22462) Importer(815301076,1909f56bfc062723c751e8b465ee728b)
Start importing Packages/com.microsoft.mixedreality.toolkit.foundation/SDK/Features/UX/Interactable/Materials/HolographicButtonIconMicrophone.mat using Guid(23b680d6c13ccad4ba5004f1b6a22462) Importer(815301076,1909f56bfc062723c751e8b465ee728b)  -> (artifact id: '15d93e57549db970606e705b456229a5') in 0.081346 seconds
  Import took 0.087144 seconds .

========================================================================
Received Import Request.
  Time since last request: 0.000281 seconds.
  path: Packages/com.microsoft.mixedreality.toolkit.foundation/SDK/Features/UX/Interactable/Materials/ButtonBackground.mat
  artifactKey: Guid(136544d5b4710a948b76a024a29c5b84) Importer(815301076,1909f56bfc062723c751e8b465ee728b)
Start importing Packages/com.microsoft.mixedreality.toolkit.foundation/SDK/Features/UX/Interactable/Materials/ButtonBackground.mat using Guid(136544d5b4710a948b76a024a29c5b84) Importer(815301076,1909f56bfc062723c751e8b465ee728b)  -> (artifact id: '852391062699a64fdf08ccc53b7e62de') in 0.066448 seconds
  Import took 0.071508 seconds .

========================================================================
Received Import Request.
  Time since last request: 0.000334 seconds.
  path: Packages/com.microsoft.mixedreality.toolkit.foundation/SDK/Features/UX/Interactable/Materials/HolographicButtonIconRadioOff.mat
  artifactKey: Guid(faf1d0b5c5c707547974f64e21432204) Importer(815301076,1909f56bfc062723c751e8b465ee728b)
Start importing Packages/com.microsoft.mixedreality.toolkit.foundation/SDK/Features/UX/Interactable/Materials/HolographicButtonIconRadioOff.mat using Guid(faf1d0b5c5c707547974f64e21432204) Importer(815301076,1909f56bfc062723c751e8b465ee728b)  -> (artifact id: '53aa81a7112274bbd1a87344b416a778') in 0.085791 seconds
  Import took 0.091399 seconds .

========================================================================
Received Import Request.
  Time since last request: 0.000277 seconds.
  path: Packages/com.microsoft.mixedreality.toolkit.foundation/SDK/Features/UX/Interactable/Materials/Ground.mat
  artifactKey: Guid(1fac60a6b183d204dbe2c379128ad367) Importer(815301076,1909f56bfc062723c751e8b465ee728b)
Start importing Packages/com.microsoft.mixedreality.toolkit.foundation/SDK/Features/UX/Interactable/Materials/Ground.mat using Guid(1fac60a6b183d204dbe2c379128ad367) Importer(815301076,1909f56bfc062723c751e8b465ee728b)  -> (artifact id: 'acb1541e13cd9979f1a128d2665a926d') in 0.138605 seconds
  Import took 0.143456 seconds .

========================================================================
Received Import Request.
  Time since last request: 0.000317 seconds.
  path: Packages/com.microsoft.mixedreality.toolkit.foundation/SDK/Features/UX/Interactable/Materials/HolographicButtonIconHandRay.mat
  artifactKey: Guid(bd7c74df0032a844d80ddbb18c426143) Importer(815301076,1909f56bfc062723c751e8b465ee728b)
Start importing Packages/com.microsoft.mixedreality.toolkit.foundation/SDK/Features/UX/Interactable/Materials/HolographicButtonIconHandRay.mat using Guid(bd7c74df0032a844d80ddbb18c426143) Importer(815301076,1909f56bfc062723c751e8b465ee728b)  -> (artifact id: '438e038ad4863dadd6bc695484a66426') in 0.045963 seconds
  Import took 0.050924 seconds .

========================================================================
Received Import Request.
  Time since last request: 0.000344 seconds.
  path: Packages/com.microsoft.mixedreality.toolkit.foundation/SDK/Features/UX/Interactable/Materials/HolographicButtonContentCageProximityUnityUI.mat
  artifactKey: Guid(576d8c5677ec60c459961421ebe64e99) Importer(815301076,1909f56bfc062723c751e8b465ee728b)
Start importing Packages/com.microsoft.mixedreality.toolkit.foundation/SDK/Features/UX/Interactable/Materials/HolographicButtonContentCageProximityUnityUI.mat using Guid(576d8c5677ec60c459961421ebe64e99) Importer(815301076,1909f56bfc062723c751e8b465ee728b)  -> (artifact id: 'd72880fe738cd1fee0a462d1b6d0f12d') in 0.031710 seconds
  Import took 0.038523 seconds .

========================================================================
Received Import Request.
  Time since last request: 1.074679 seconds.
  path: Packages/com.microsoft.mixedreality.toolkit.foundation/SDK/Features/UX/Interactable/Prefabs/UnityUIInteractables/UnityUIButton.prefab
  artifactKey: Guid(f15ddb9bd0bf19d478c51ea991c6a7ce) Importer(815301076,1909f56bfc062723c751e8b465ee728b)
Start importing Packages/com.microsoft.mixedreality.toolkit.foundation/SDK/Features/UX/Interactable/Prefabs/UnityUIInteractables/UnityUIButton.prefab using Guid(f15ddb9bd0bf19d478c51ea991c6a7ce) Importer(815301076,1909f56bfc062723c751e8b465ee728b)  -> (artifact id: '93b3619c14f1327f46eb49f78ddc9f6a') in 0.114059 seconds
  Import took 0.122455 seconds .

========================================================================
Received Import Request.
  Time since last request: 0.000704 seconds.
  path: Packages/com.microsoft.mixedreality.toolkit.foundation/SDK/Features/UX/Interactable/Prefabs/UnityUIInteractables/UnityUIRadialButton.prefab
  artifactKey: Guid(e35ccb692ee2a154fb472995266a2450) Importer(815301076,1909f56bfc062723c751e8b465ee728b)
Start importing Packages/com.microsoft.mixedreality.toolkit.foundation/SDK/Features/UX/Interactable/Prefabs/UnityUIInteractables/UnityUIRadialButton.prefab using Guid(e35ccb692ee2a154fb472995266a2450) Importer(815301076,1909f56bfc062723c751e8b465ee728b)  -> (artifact id: '16a69a261beb58b06f81da814423aa45') in 0.262992 seconds
  Import took 0.270021 seconds .

========================================================================
Received Import Request.
  Time since last request: 0.000380 seconds.
  path: Packages/com.microsoft.mixedreality.toolkit.foundation/SDK/Features/UX/Interactable/Prefabs/UnityUIInteractables/UnityUIToggleButton.prefab
  artifactKey: Guid(24fcaf2789c7e264a9a6d0298d717617) Importer(815301076,1909f56bfc062723c751e8b465ee728b)
Start importing Packages/com.microsoft.mixedreality.toolkit.foundation/SDK/Features/UX/Interactable/Prefabs/UnityUIInteractables/UnityUIToggleButton.prefab using Guid(24fcaf2789c7e264a9a6d0298d717617) Importer(815301076,1909f56bfc062723c751e8b465ee728b)  -> (artifact id: '3f1c557811001fa3012bd752df43812a') in 0.032846 seconds
  Import took 0.040551 seconds .

========================================================================
Received Import Request.
  Time since last request: 0.000355 seconds.
  path: Packages/com.microsoft.mixedreality.toolkit.foundation/SDK/Features/UX/Interactable/Prefabs/UnityUIInteractables/UnityUICheckboxButton.prefab
  artifactKey: Guid(96122ce0e0e9cf24c83e542358490906) Importer(815301076,1909f56bfc062723c751e8b465ee728b)
Start importing Packages/com.microsoft.mixedreality.toolkit.foundation/SDK/Features/UX/Interactable/Prefabs/UnityUIInteractables/UnityUICheckboxButton.prefab using Guid(96122ce0e0e9cf24c83e542358490906) Importer(815301076,1909f56bfc062723c751e8b465ee728b)  -> (artifact id: '941c00d0713a9ed1946fc619beb8aa65') in 0.028407 seconds
  Import took 0.034928 seconds .

========================================================================
Received Import Request.
  Time since last request: 1.745209 seconds.
  path: Packages/com.microsoft.mixedreality.toolkit.foundation/SDK/Features/UX/Interactable/States/DefaultInteractableStates.asset
  artifactKey: Guid(5eac1712038236e4b8ffdb3893804fe1) Importer(815301076,1909f56bfc062723c751e8b465ee728b)
Start importing Packages/com.microsoft.mixedreality.toolkit.foundation/SDK/Features/UX/Interactable/States/DefaultInteractableStates.asset using Guid(5eac1712038236e4b8ffdb3893804fe1) Importer(815301076,1909f56bfc062723c751e8b465ee728b)  -> (artifact id: 'ca58c0facccca3aca9ed413cd8cf38bf') in 0.010827 seconds
  Import took 0.019781 seconds .

========================================================================
Received Import Request.
  Time since last request: 0.000400 seconds.
  path: Packages/com.microsoft.mixedreality.toolkit.foundation/SDK/Features/UX/Interactable/States/FocusPressTouchGrabStates.asset
  artifactKey: Guid(e51893c8eb7938e4ba43985af43c0f72) Importer(815301076,1909f56bfc062723c751e8b465ee728b)
Start importing Packages/com.microsoft.mixedreality.toolkit.foundation/SDK/Features/UX/Interactable/States/FocusPressTouchGrabStates.asset using Guid(e51893c8eb7938e4ba43985af43c0f72) Importer(815301076,1909f56bfc062723c751e8b465ee728b)  -> (artifact id: 'a5abd1c42208ca8baa2fd9c0e15246d0') in 0.010230 seconds
  Import took 0.015982 seconds .

========================================================================
Received Import Request.
  Time since last request: 0.000362 seconds.
  path: Packages/com.microsoft.mixedreality.toolkit.foundation/SDK/Features/UX/Interactable/States/HoloLensInteractableStates.asset
  artifactKey: Guid(2adb1a81e63716d4a904392a7ee65b16) Importer(815301076,1909f56bfc062723c751e8b465ee728b)
Start importing Packages/com.microsoft.mixedreality.toolkit.foundation/SDK/Features/UX/Interactable/States/HoloLensInteractableStates.asset using Guid(2adb1a81e63716d4a904392a7ee65b16) Importer(815301076,1909f56bfc062723c751e8b465ee728b)  -> (artifact id: 'ceda60a6f90ecbe0e7c628cbc70b98f2') in 0.015179 seconds
  Import took 0.023639 seconds .

========================================================================
Received Import Request.
  Time since last request: 0.000427 seconds.
  path: Packages/com.microsoft.mixedreality.toolkit.foundation/SDK/Features/UX/Interactable/States/FocusInteractableStates.asset
  artifactKey: Guid(eea7cc35b9115d34595e51c5e4211c84) Importer(815301076,1909f56bfc062723c751e8b465ee728b)
Start importing Packages/com.microsoft.mixedreality.toolkit.foundation/SDK/Features/UX/Interactable/States/FocusInteractableStates.asset using Guid(eea7cc35b9115d34595e51c5e4211c84) Importer(815301076,1909f56bfc062723c751e8b465ee728b)  -> (artifact id: 'a85fcdefe80741358b734e7f75ba31e0') in 0.012995 seconds
  Import took 0.020300 seconds .

========================================================================
Received Prepare
Registering precompiled user dll's ...
Registered in 0.006646 seconds.
Begin MonoManager ReloadAssembly
Native extension for WindowsStandalone target not found
Refreshing native plugins compatible for Editor in 2.95 ms, found 7 plugins.
Preloading 0 native plugins for Editor in 0.00 ms.
Error when attempting to update scene info fields. Scene info data may be stale.
UnityEngine.StackTraceUtility:ExtractStackTrace ()
UnityEngine.DebugLogHandler:LogFormat (UnityEngine.LogType,UnityEngine.Object,string,object[])
UnityEngine.Logger:Log (UnityEngine.LogType,object)
UnityEngine.Debug:LogWarning (object)
Microsoft.MixedReality.Toolkit.Editor.SceneInfoUtils:RefreshSceneInfoFieldsInScriptableObjects () (at C:/Users/Carme/Documents/SpacialPerceptionTutorial1/Library/PackageCache/com.microsoft.mixedreality.toolkit.foundation@8caabe015a33-1622708658239/Core/Inspectors/PropertyDrawers/SceneInfoUtils.cs:313)
Microsoft.MixedReality.Toolkit.Editor.SceneInfoUtils:InitializeOnLoad () (at C:/Users/Carme/Documents/SpacialPerceptionTutorial1/Library/PackageCache/com.microsoft.mixedreality.toolkit.foundation@8caabe015a33-1622708658239/Core/Inspectors/PropertyDrawers/SceneInfoUtils.cs:231)

(Filename: C:/Users/Carme/Documents/SpacialPerceptionTutorial1/Library/PackageCache/com.microsoft.mixedreality.toolkit.foundation@8caabe015a33-1622708658239/Core/Inspectors/PropertyDrawers/SceneInfoUtils.cs Line: 313)

Mono: successfully reloaded assembly
- Completed reload, in  3.056 seconds
Platform modules already initialized, skipping
Switching build target platform(5) subTarget(0) extendedPlatform(0) -> platform(21) subTarget(3) extendedPlatform(0)
Refreshing native plugins compatible for Editor in 2.11 ms, found 7 plugins.
Preloading 0 native plugins for Editor in 0.00 ms.
Unloading 3009 Unused Serialized files (Serialized files now loaded: 0)
System memory in use before: 124.5 MB.
System memory in use after: 124.4 MB.

Unloading 42 unused Assets to reduce memory usage. Loaded Objects now: 3601.
Total: 8.486100 ms (FindLiveObjects: 0.827000 ms CreateObjectMapping: 0.551300 ms MarkObjects: 6.661800 ms  DeleteObjects: 0.441300 ms)

========================================================================
Received Prepare
Registering precompiled user dll's ...
Registered in 0.005352 seconds.
Begin MonoManager ReloadAssembly
Native extension for WindowsStandalone target not found
Refreshing native plugins compatible for Editor in 1.33 ms, found 7 plugins.
Preloading 0 native plugins for Editor in 0.00 ms.
Error when attempting to update scene info fields. Scene info data may be stale.
UnityEngine.StackTraceUtility:ExtractStackTrace ()
UnityEngine.DebugLogHandler:LogFormat (UnityEngine.LogType,UnityEngine.Object,string,object[])
UnityEngine.Logger:Log (UnityEngine.LogType,object)
UnityEngine.Debug:LogWarning (object)
Microsoft.MixedReality.Toolkit.Editor.SceneInfoUtils:RefreshSceneInfoFieldsInScriptableObjects () (at C:/Users/Carme/Documents/SpacialPerceptionTutorial1/Library/PackageCache/com.microsoft.mixedreality.toolkit.foundation@8caabe015a33-1622708658239/Core/Inspectors/PropertyDrawers/SceneInfoUtils.cs:313)
Microsoft.MixedReality.Toolkit.Editor.SceneInfoUtils:InitializeOnLoad () (at C:/Users/Carme/Documents/SpacialPerceptionTutorial1/Library/PackageCache/com.microsoft.mixedreality.toolkit.foundation@8caabe015a33-1622708658239/Core/Inspectors/PropertyDrawers/SceneInfoUtils.cs:231)

(Filename: C:/Users/Carme/Documents/SpacialPerceptionTutorial1/Library/PackageCache/com.microsoft.mixedreality.toolkit.foundation@8caabe015a33-1622708658239/Core/Inspectors/PropertyDrawers/SceneInfoUtils.cs Line: 313)

Mono: successfully reloaded assembly
- Completed reload, in  3.090 seconds
Platform modules already initialized, skipping
Switching build target platform(5) subTarget(0) extendedPlatform(0) -> platform(21) subTarget(3) extendedPlatform(0)
Refreshing native plugins compatible for Editor in 1.37 ms, found 7 plugins.
Preloading 0 native plugins for Editor in 0.00 ms.
Unloading 3009 Unused Serialized files (Serialized files now loaded: 0)
System memory in use before: 124.5 MB.
System memory in use after: 124.4 MB.

Unloading 39 unused Assets to reduce memory usage. Loaded Objects now: 3605.
Total: 5.078800 ms (FindLiveObjects: 0.547900 ms CreateObjectMapping: 0.364800 ms MarkObjects: 3.966800 ms  DeleteObjects: 0.196700 ms)

========================================================================
Received Prepare
Registering precompiled user dll's ...
Registered in 0.011561 seconds.
Begin MonoManager ReloadAssembly
Native extension for WindowsStandalone target not found
Refreshing native plugins compatible for Editor in 1.61 ms, found 7 plugins.
Preloading 0 native plugins for Editor in 0.00 ms.
Error when attempting to update scene info fields. Scene info data may be stale.
UnityEngine.StackTraceUtility:ExtractStackTrace ()
UnityEngine.DebugLogHandler:LogFormat (UnityEngine.LogType,UnityEngine.Object,string,object[])
UnityEngine.Logger:Log (UnityEngine.LogType,object)
UnityEngine.Debug:LogWarning (object)
Microsoft.MixedReality.Toolkit.Editor.SceneInfoUtils:RefreshSceneInfoFieldsInScriptableObjects () (at C:/Users/Carme/Documents/SpacialPerceptionTutorial1/Library/PackageCache/com.microsoft.mixedreality.toolkit.foundation@8caabe015a33-1622708658239/Core/Inspectors/PropertyDrawers/SceneInfoUtils.cs:313)
Microsoft.MixedReality.Toolkit.Editor.SceneInfoUtils:InitializeOnLoad () (at C:/Users/Carme/Documents/SpacialPerceptionTutorial1/Library/PackageCache/com.microsoft.mixedreality.toolkit.foundation@8caabe015a33-1622708658239/Core/Inspectors/PropertyDrawers/SceneInfoUtils.cs:231)

(Filename: C:/Users/Carme/Documents/SpacialPerceptionTutorial1/Library/PackageCache/com.microsoft.mixedreality.toolkit.foundation@8caabe015a33-1622708658239/Core/Inspectors/PropertyDrawers/SceneInfoUtils.cs Line: 313)

Mono: successfully reloaded assembly
- Completed reload, in  3.277 seconds
Platform modules already initialized, skipping
Switching build target platform(5) subTarget(0) extendedPlatform(0) -> platform(21) subTarget(3) extendedPlatform(0)
Refreshing native plugins compatible for Editor in 1.59 ms, found 7 plugins.
Preloading 0 native plugins for Editor in 0.00 ms.
Unloading 3009 Unused Serialized files (Serialized files now loaded: 0)
System memory in use before: 124.5 MB.
System memory in use after: 124.4 MB.

Unloading 39 unused Assets to reduce memory usage. Loaded Objects now: 3609.
Total: 6.662900 ms (FindLiveObjects: 0.789700 ms CreateObjectMapping: 0.441600 ms MarkObjects: 5.113900 ms  DeleteObjects: 0.315400 ms)

========================================================================
Received Prepare
Registering precompiled user dll's ...
Registered in 0.014372 seconds.
Begin MonoManager ReloadAssembly
Native extension for WindowsStandalone target not found
Refreshing native plugins compatible for Editor in 1.25 ms, found 7 plugins.
Preloading 0 native plugins for Editor in 0.00 ms.
Error when attempting to update scene info fields. Scene info data may be stale.
UnityEngine.StackTraceUtility:ExtractStackTrace ()
UnityEngine.DebugLogHandler:LogFormat (UnityEngine.LogType,UnityEngine.Object,string,object[])
UnityEngine.Logger:Log (UnityEngine.LogType,object)
UnityEngine.Debug:LogWarning (object)
Microsoft.MixedReality.Toolkit.Editor.SceneInfoUtils:RefreshSceneInfoFieldsInScriptableObjects () (at C:/Users/Carme/Documents/SpacialPerceptionTutorial1/Library/PackageCache/com.microsoft.mixedreality.toolkit.foundation@8caabe015a33-1622708658239/Core/Inspectors/PropertyDrawers/SceneInfoUtils.cs:313)
Microsoft.MixedReality.Toolkit.Editor.SceneInfoUtils:InitializeOnLoad () (at C:/Users/Carme/Documents/SpacialPerceptionTutorial1/Library/PackageCache/com.microsoft.mixedreality.toolkit.foundation@8caabe015a33-1622708658239/Core/Inspectors/PropertyDrawers/SceneInfoUtils.cs:231)

(Filename: C:/Users/Carme/Documents/SpacialPerceptionTutorial1/Library/PackageCache/com.microsoft.mixedreality.toolkit.foundation@8caabe015a33-1622708658239/Core/Inspectors/PropertyDrawers/SceneInfoUtils.cs Line: 313)

Mono: successfully reloaded assembly
- Completed reload, in  3.013 seconds
Platform modules already initialized, skipping
Switching build target platform(5) subTarget(0) extendedPlatform(0) -> platform(21) subTarget(3) extendedPlatform(0)
Refreshing native plugins compatible for Editor in 0.98 ms, found 7 plugins.
Preloading 0 native plugins for Editor in 0.00 ms.
Unloading 3009 Unused Serialized files (Serialized files now loaded: 0)
System memory in use before: 124.6 MB.
System memory in use after: 124.4 MB.

Unloading 39 unused Assets to reduce memory usage. Loaded Objects now: 3613.
Total: 5.196600 ms (FindLiveObjects: 0.626400 ms CreateObjectMapping: 0.307000 ms MarkObjects: 4.043900 ms  DeleteObjects: 0.215600 ms)

========================================================================
Received Prepare
Registering precompiled user dll's ...
Registered in 0.005592 seconds.
Begin MonoManager ReloadAssembly
Native extension for WindowsStandalone target not found
Refreshing native plugins compatible for Editor in 0.95 ms, found 7 plugins.
Preloading 0 native plugins for Editor in 0.00 ms.
Error when attempting to update scene info fields. Scene info data may be stale.
UnityEngine.StackTraceUtility:ExtractStackTrace ()
UnityEngine.DebugLogHandler:LogFormat (UnityEngine.LogType,UnityEngine.Object,string,object[])
UnityEngine.Logger:Log (UnityEngine.LogType,object)
UnityEngine.Debug:LogWarning (object)
Microsoft.MixedReality.Toolkit.Editor.SceneInfoUtils:RefreshSceneInfoFieldsInScriptableObjects () (at C:/Users/Carme/Documents/SpacialPerceptionTutorial1/Library/PackageCache/com.microsoft.mixedreality.toolkit.foundation@8caabe015a33-1622708658239/Core/Inspectors/PropertyDrawers/SceneInfoUtils.cs:313)
Microsoft.MixedReality.Toolkit.Editor.SceneInfoUtils:InitializeOnLoad () (at C:/Users/Carme/Documents/SpacialPerceptionTutorial1/Library/PackageCache/com.microsoft.mixedreality.toolkit.foundation@8caabe015a33-1622708658239/Core/Inspectors/PropertyDrawers/SceneInfoUtils.cs:231)

(Filename: C:/Users/Carme/Documents/SpacialPerceptionTutorial1/Library/PackageCache/com.microsoft.mixedreality.toolkit.foundation@8caabe015a33-1622708658239/Core/Inspectors/PropertyDrawers/SceneInfoUtils.cs Line: 313)

Mono: successfully reloaded assembly
- Completed reload, in  1.858 seconds
Platform modules already initialized, skipping
Switching build target platform(5) subTarget(0) extendedPlatform(0) -> platform(21) subTarget(3) extendedPlatform(0)
Refreshing native plugins compatible for Editor in 0.70 ms, found 7 plugins.
Preloading 0 native plugins for Editor in 0.00 ms.
Unloading 3009 Unused Serialized files (Serialized files now loaded: 0)
System memory in use before: 124.6 MB.
System memory in use after: 124.4 MB.

Unloading 39 unused Assets to reduce memory usage. Loaded Objects now: 3617.
Total: 3.827300 ms (FindLiveObjects: 0.287000 ms CreateObjectMapping: 0.175900 ms MarkObjects: 3.181500 ms  DeleteObjects: 0.181800 ms)

========================================================================
Received Prepare
Registering precompiled user dll's ...
Registered in 0.005778 seconds.
Begin MonoManager ReloadAssembly
Native extension for WindowsStandalone target not found
Refreshing native plugins compatible for Editor in 1.41 ms, found 7 plugins.
Preloading 0 native plugins for Editor in 0.00 ms.
Error when attempting to update scene info fields. Scene info data may be stale.
UnityEngine.StackTraceUtility:ExtractStackTrace ()
UnityEngine.DebugLogHandler:LogFormat (UnityEngine.LogType,UnityEngine.Object,string,object[])
UnityEngine.Logger:Log (UnityEngine.LogType,object)
UnityEngine.Debug:LogWarning (object)
Microsoft.MixedReality.Toolkit.Editor.SceneInfoUtils:RefreshSceneInfoFieldsInScriptableObjects () (at C:/Users/Carme/Documents/SpacialPerceptionTutorial1/Library/PackageCache/com.microsoft.mixedreality.toolkit.foundation@8caabe015a33-1622708658239/Core/Inspectors/PropertyDrawers/SceneInfoUtils.cs:313)
Microsoft.MixedReality.Toolkit.Editor.SceneInfoUtils:InitializeOnLoad () (at C:/Users/Carme/Documents/SpacialPerceptionTutorial1/Library/PackageCache/com.microsoft.mixedreality.toolkit.foundation@8caabe015a33-1622708658239/Core/Inspectors/PropertyDrawers/SceneInfoUtils.cs:231)

(Filename: C:/Users/Carme/Documents/SpacialPerceptionTutorial1/Library/PackageCache/com.microsoft.mixedreality.toolkit.foundation@8caabe015a33-1622708658239/Core/Inspectors/PropertyDrawers/SceneInfoUtils.cs Line: 313)

Mono: successfully reloaded assembly
- Completed reload, in  3.098 seconds
Platform modules already initialized, skipping
Switching build target platform(5) subTarget(0) extendedPlatform(0) -> platform(21) subTarget(3) extendedPlatform(0)
Refreshing native plugins compatible for Editor in 1.28 ms, found 7 plugins.
Preloading 0 native plugins for Editor in 0.00 ms.
Unloading 3009 Unused Serialized files (Serialized files now loaded: 0)
System memory in use before: 124.6 MB.
System memory in use after: 124.5 MB.

Unloading 39 unused Assets to reduce memory usage. Loaded Objects now: 3621.
Total: 7.149500 ms (FindLiveObjects: 1.703300 ms CreateObjectMapping: 0.651700 ms MarkObjects: 4.541500 ms  DeleteObjects: 0.250500 ms)

========================================================================
Received Prepare
Registering precompiled user dll's ...
Registered in 0.006138 seconds.
Begin MonoManager ReloadAssembly
Native extension for WindowsStandalone target not found
Refreshing native plugins compatible for Editor in 0.81 ms, found 7 plugins.
Preloading 0 native plugins for Editor in 0.00 ms.
Error when attempting to update scene info fields. Scene info data may be stale.
UnityEngine.StackTraceUtility:ExtractStackTrace ()
UnityEngine.DebugLogHandler:LogFormat (UnityEngine.LogType,UnityEngine.Object,string,object[])
UnityEngine.Logger:Log (UnityEngine.LogType,object)
UnityEngine.Debug:LogWarning (object)
Microsoft.MixedReality.Toolkit.Editor.SceneInfoUtils:RefreshSceneInfoFieldsInScriptableObjects () (at C:/Users/Carme/Documents/SpacialPerceptionTutorial1/Library/PackageCache/com.microsoft.mixedreality.toolkit.foundation@8caabe015a33-1622708658239/Core/Inspectors/PropertyDrawers/SceneInfoUtils.cs:313)
Microsoft.MixedReality.Toolkit.Editor.SceneInfoUtils:InitializeOnLoad () (at C:/Users/Carme/Documents/SpacialPerceptionTutorial1/Library/PackageCache/com.microsoft.mixedreality.toolkit.foundation@8caabe015a33-1622708658239/Core/Inspectors/PropertyDrawers/SceneInfoUtils.cs:231)

(Filename: C:/Users/Carme/Documents/SpacialPerceptionTutorial1/Library/PackageCache/com.microsoft.mixedreality.toolkit.foundation@8caabe015a33-1622708658239/Core/Inspectors/PropertyDrawers/SceneInfoUtils.cs Line: 313)

Mono: successfully reloaded assembly
- Completed reload, in  1.914 seconds
Platform modules already initialized, skipping
Switching build target platform(5) subTarget(0) extendedPlatform(0) -> platform(21) subTarget(3) extendedPlatform(0)
Refreshing native plugins compatible for Editor in 0.79 ms, found 7 plugins.
Preloading 0 native plugins for Editor in 0.00 ms.
Unloading 3009 Unused Serialized files (Serialized files now loaded: 0)
System memory in use before: 124.6 MB.
System memory in use after: 124.5 MB.

Unloading 39 unused Assets to reduce memory usage. Loaded Objects now: 3625.
Total: 4.837100 ms (FindLiveObjects: 0.573100 ms CreateObjectMapping: 0.306900 ms MarkObjects: 3.734500 ms  DeleteObjects: 0.220500 ms)

========================================================================
Received Prepare
Registering precompiled user dll's ...
Registered in 0.005495 seconds.
Begin MonoManager ReloadAssembly
Native extension for WindowsStandalone target not found
Refreshing native plugins compatible for Editor in 1.46 ms, found 7 plugins.
Preloading 0 native plugins for Editor in 0.00 ms.
Error when attempting to update scene info fields. Scene info data may be stale.
UnityEngine.StackTraceUtility:ExtractStackTrace ()
UnityEngine.DebugLogHandler:LogFormat (UnityEngine.LogType,UnityEngine.Object,string,object[])
UnityEngine.Logger:Log (UnityEngine.LogType,object)
UnityEngine.Debug:LogWarning (object)
Microsoft.MixedReality.Toolkit.Editor.SceneInfoUtils:RefreshSceneInfoFieldsInScriptableObjects () (at C:/Users/Carme/Documents/SpacialPerceptionTutorial1/Library/PackageCache/com.microsoft.mixedreality.toolkit.foundation@8caabe015a33-1622708658239/Core/Inspectors/PropertyDrawers/SceneInfoUtils.cs:313)
Microsoft.MixedReality.Toolkit.Editor.SceneInfoUtils:InitializeOnLoad () (at C:/Users/Carme/Documents/SpacialPerceptionTutorial1/Library/PackageCache/com.microsoft.mixedreality.toolkit.foundation@8caabe015a33-1622708658239/Core/Inspectors/PropertyDrawers/SceneInfoUtils.cs:231)

(Filename: C:/Users/Carme/Documents/SpacialPerceptionTutorial1/Library/PackageCache/com.microsoft.mixedreality.toolkit.foundation@8caabe015a33-1622708658239/Core/Inspectors/PropertyDrawers/SceneInfoUtils.cs Line: 313)

Mono: successfully reloaded assembly
- Completed reload, in  3.284 seconds
Platform modules already initialized, skipping
Switching build target platform(5) subTarget(0) extendedPlatform(0) -> platform(21) subTarget(3) extendedPlatform(0)
Refreshing native plugins compatible for Editor in 0.94 ms, found 7 plugins.
Preloading 0 native plugins for Editor in 0.00 ms.
Unloading 3009 Unused Serialized files (Serialized files now loaded: 0)
System memory in use before: 124.6 MB.
System memory in use after: 124.5 MB.

Unloading 39 unused Assets to reduce memory usage. Loaded Objects now: 3629.
Total: 6.649600 ms (FindLiveObjects: 0.597600 ms CreateObjectMapping: 0.489100 ms MarkObjects: 5.067300 ms  DeleteObjects: 0.491100 ms)

========================================================================
Received Prepare
Registering precompiled user dll's ...
Registered in 0.005720 seconds.
Begin MonoManager ReloadAssembly
Native extension for WindowsStandalone target not found
Refreshing native plugins compatible for Editor in 0.71 ms, found 7 plugins.
Preloading 0 native plugins for Editor in 0.00 ms.
Error when attempting to update scene info fields. Scene info data may be stale.
UnityEngine.StackTraceUtility:ExtractStackTrace ()
UnityEngine.DebugLogHandler:LogFormat (UnityEngine.LogType,UnityEngine.Object,string,object[])
UnityEngine.Logger:Log (UnityEngine.LogType,object)
UnityEngine.Debug:LogWarning (object)
Microsoft.MixedReality.Toolkit.Editor.SceneInfoUtils:RefreshSceneInfoFieldsInScriptableObjects () (at C:/Users/Carme/Documents/SpacialPerceptionTutorial1/Library/PackageCache/com.microsoft.mixedreality.toolkit.foundation@8caabe015a33-1622708658239/Core/Inspectors/PropertyDrawers/SceneInfoUtils.cs:313)
Microsoft.MixedReality.Toolkit.Editor.SceneInfoUtils:InitializeOnLoad () (at C:/Users/Carme/Documents/SpacialPerceptionTutorial1/Library/PackageCache/com.microsoft.mixedreality.toolkit.foundation@8caabe015a33-1622708658239/Core/Inspectors/PropertyDrawers/SceneInfoUtils.cs:231)

(Filename: C:/Users/Carme/Documents/SpacialPerceptionTutorial1/Library/PackageCache/com.microsoft.mixedreality.toolkit.foundation@8caabe015a33-1622708658239/Core/Inspectors/PropertyDrawers/SceneInfoUtils.cs Line: 313)

Mono: successfully reloaded assembly
- Completed reload, in  1.936 seconds
Platform modules already initialized, skipping
Switching build target platform(5) subTarget(0) extendedPlatform(0) -> platform(21) subTarget(3) extendedPlatform(0)
Refreshing native plugins compatible for Editor in 1.16 ms, found 7 plugins.
Preloading 0 native plugins for Editor in 0.00 ms.
Unloading 3009 Unused Serialized files (Serialized files now loaded: 0)
System memory in use before: 124.6 MB.
System memory in use after: 124.5 MB.

Unloading 39 unused Assets to reduce memory usage. Loaded Objects now: 3633.
Total: 3.404700 ms (FindLiveObjects: 0.333700 ms CreateObjectMapping: 0.155000 ms MarkObjects: 2.654200 ms  DeleteObjects: 0.260800 ms)

========================================================================
Received Import Request.
  Time since last request: 607.299452 seconds.
  path: Packages/com.unity.xr.arsubsystems/package.json
  artifactKey: Guid(138de250db28475c974590f762d87650) Importer(815301076,1909f56bfc062723c751e8b465ee728b)
Start importing Packages/com.unity.xr.arsubsystems/package.json using Guid(138de250db28475c974590f762d87650) Importer(815301076,1909f56bfc062723c751e8b465ee728b)  -> (artifact id: '66035c5d64df5f2ecc981c03edacd266') in 0.127854 seconds
  Import took 0.138177 seconds .

========================================================================
Received Import Request.
  Time since last request: 1.407065 seconds.
  path: Packages/com.microsoft.mixedreality.toolkit.foundation/Core/MRTK.Core.asmdef
  artifactKey: Guid(a7a4c34601384f9389d5c4207f3c6331) Importer(815301076,1909f56bfc062723c751e8b465ee728b)
Start importing Packages/com.microsoft.mixedreality.toolkit.foundation/Core/MRTK.Core.asmdef using Guid(a7a4c34601384f9389d5c4207f3c6331) Importer(815301076,1909f56bfc062723c751e8b465ee728b)  -> (artifact id: 'a8baba6894f58cb934de4badf264a202') in 0.018679 seconds
  Import took 0.029525 seconds .

========================================================================
Received Prepare
Registering precompiled user dll's ...
Registered in 0.011177 seconds.
Begin MonoManager ReloadAssembly
Native extension for WindowsStandalone target not found
Refreshing native plugins compatible for Editor in 1.59 ms, found 7 plugins.
Preloading 0 native plugins for Editor in 0.00 ms.
Error when attempting to update scene info fields. Scene info data may be stale.
UnityEngine.StackTraceUtility:ExtractStackTrace ()
UnityEngine.DebugLogHandler:LogFormat (UnityEngine.LogType,UnityEngine.Object,string,object[])
UnityEngine.Logger:Log (UnityEngine.LogType,object)
UnityEngine.Debug:LogWarning (object)
Microsoft.MixedReality.Toolkit.Editor.SceneInfoUtils:RefreshSceneInfoFieldsInScriptableObjects () (at C:/Users/Carme/Documents/SpacialPerceptionTutorial1/Library/PackageCache/com.microsoft.mixedreality.toolkit.foundation@8caabe015a33-1622708658239/Core/Inspectors/PropertyDrawers/SceneInfoUtils.cs:313)
Microsoft.MixedReality.Toolkit.Editor.SceneInfoUtils:InitializeOnLoad () (at C:/Users/Carme/Documents/SpacialPerceptionTutorial1/Library/PackageCache/com.microsoft.mixedreality.toolkit.foundation@8caabe015a33-1622708658239/Core/Inspectors/PropertyDrawers/SceneInfoUtils.cs:231)

(Filename: C:/Users/Carme/Documents/SpacialPerceptionTutorial1/Library/PackageCache/com.microsoft.mixedreality.toolkit.foundation@8caabe015a33-1622708658239/Core/Inspectors/PropertyDrawers/SceneInfoUtils.cs Line: 313)

Mono: successfully reloaded assembly
- Completed reload, in  4.729 seconds
Platform modules already initialized, skipping
Switching build target platform(5) subTarget(0) extendedPlatform(0) -> platform(21) subTarget(3) extendedPlatform(0)
Refreshing native plugins compatible for Editor in 1.44 ms, found 7 plugins.
Preloading 0 native plugins for Editor in 0.00 ms.
Unloading 3009 Unused Serialized files (Serialized files now loaded: 0)
System memory in use before: 124.6 MB.
System memory in use after: 124.5 MB.

Unloading 39 unused Assets to reduce memory usage. Loaded Objects now: 3637.
Total: 5.723600 ms (FindLiveObjects: 0.489500 ms CreateObjectMapping: 0.291800 ms MarkObjects: 4.653000 ms  DeleteObjects: 0.287000 ms)

========================================================================
Received Prepare
Registering precompiled user dll's ...
Registered in 0.005612 seconds.
Begin MonoManager ReloadAssembly
Native extension for WindowsStandalone target not found
Refreshing native plugins compatible for Editor in 0.82 ms, found 7 plugins.
Preloading 0 native plugins for Editor in 0.00 ms.
Error when attempting to update scene info fields. Scene info data may be stale.
UnityEngine.StackTraceUtility:ExtractStackTrace ()
UnityEngine.DebugLogHandler:LogFormat (UnityEngine.LogType,UnityEngine.Object,string,object[])
UnityEngine.Logger:Log (UnityEngine.LogType,object)
UnityEngine.Debug:LogWarning (object)
Microsoft.MixedReality.Toolkit.Editor.SceneInfoUtils:RefreshSceneInfoFieldsInScriptableObjects () (at C:/Users/Carme/Documents/SpacialPerceptionTutorial1/Library/PackageCache/com.microsoft.mixedreality.toolkit.foundation@8caabe015a33-1622708658239/Core/Inspectors/PropertyDrawers/SceneInfoUtils.cs:313)
Microsoft.MixedReality.Toolkit.Editor.SceneInfoUtils:InitializeOnLoad () (at C:/Users/Carme/Documents/SpacialPerceptionTutorial1/Library/PackageCache/com.microsoft.mixedreality.toolkit.foundation@8caabe015a33-1622708658239/Core/Inspectors/PropertyDrawers/SceneInfoUtils.cs:231)

(Filename: C:/Users/Carme/Documents/SpacialPerceptionTutorial1/Library/PackageCache/com.microsoft.mixedreality.toolkit.foundation@8caabe015a33-1622708658239/Core/Inspectors/PropertyDrawers/SceneInfoUtils.cs Line: 313)

Mono: successfully reloaded assembly
- Completed reload, in  1.865 seconds
Platform modules already initialized, skipping
Switching build target platform(5) subTarget(0) extendedPlatform(0) -> platform(21) subTarget(3) extendedPlatform(0)
Refreshing native plugins compatible for Editor in 0.79 ms, found 7 plugins.
Preloading 0 native plugins for Editor in 0.00 ms.
Unloading 3009 Unused Serialized files (Serialized files now loaded: 0)
System memory in use before: 124.7 MB.
System memory in use after: 124.5 MB.

Unloading 39 unused Assets to reduce memory usage. Loaded Objects now: 3641.
Total: 3.178900 ms (FindLiveObjects: 0.326000 ms CreateObjectMapping: 0.143700 ms MarkObjects: 2.541700 ms  DeleteObjects: 0.166500 ms)

========================================================================
Received Prepare
Registering precompiled user dll's ...
Registered in 0.005523 seconds.
Begin MonoManager ReloadAssembly
Native extension for WindowsStandalone target not found
Refreshing native plugins compatible for Editor in 1.23 ms, found 7 plugins.
Preloading 0 native plugins for Editor in 0.00 ms.
Error when attempting to update scene info fields. Scene info data may be stale.
UnityEngine.StackTraceUtility:ExtractStackTrace ()
UnityEngine.DebugLogHandler:LogFormat (UnityEngine.LogType,UnityEngine.Object,string,object[])
UnityEngine.Logger:Log (UnityEngine.LogType,object)
UnityEngine.Debug:LogWarning (object)
Microsoft.MixedReality.Toolkit.Editor.SceneInfoUtils:RefreshSceneInfoFieldsInScriptableObjects () (at C:/Users/Carme/Documents/SpacialPerceptionTutorial1/Library/PackageCache/com.microsoft.mixedreality.toolkit.foundation@8caabe015a33-1622708658239/Core/Inspectors/PropertyDrawers/SceneInfoUtils.cs:313)
Microsoft.MixedReality.Toolkit.Editor.SceneInfoUtils:InitializeOnLoad () (at C:/Users/Carme/Documents/SpacialPerceptionTutorial1/Library/PackageCache/com.microsoft.mixedreality.toolkit.foundation@8caabe015a33-1622708658239/Core/Inspectors/PropertyDrawers/SceneInfoUtils.cs:231)

(Filename: C:/Users/Carme/Documents/SpacialPerceptionTutorial1/Library/PackageCache/com.microsoft.mixedreality.toolkit.foundation@8caabe015a33-1622708658239/Core/Inspectors/PropertyDrawers/SceneInfoUtils.cs Line: 313)

Mono: successfully reloaded assembly
- Completed reload, in  3.233 seconds
Platform modules already initialized, skipping
Switching build target platform(5) subTarget(0) extendedPlatform(0) -> platform(21) subTarget(3) extendedPlatform(0)
Refreshing native plugins compatible for Editor in 1.33 ms, found 7 plugins.
Preloading 0 native plugins for Editor in 0.00 ms.
Unloading 3009 Unused Serialized files (Serialized files now loaded: 0)
System memory in use before: 124.7 MB.
System memory in use after: 124.5 MB.

Unloading 39 unused Assets to reduce memory usage. Loaded Objects now: 3645.
Total: 6.293500 ms (FindLiveObjects: 0.799200 ms CreateObjectMapping: 0.354800 ms MarkObjects: 4.962000 ms  DeleteObjects: 0.175000 ms)

========================================================================
Received Prepare
Registering precompiled user dll's ...
Registered in 0.006263 seconds.
Begin MonoManager ReloadAssembly
Native extension for WindowsStandalone target not found
Refreshing native plugins compatible for Editor in 1.85 ms, found 7 plugins.
Preloading 0 native plugins for Editor in 0.00 ms.
Error when attempting to update scene info fields. Scene info data may be stale.
UnityEngine.StackTraceUtility:ExtractStackTrace ()
UnityEngine.DebugLogHandler:LogFormat (UnityEngine.LogType,UnityEngine.Object,string,object[])
UnityEngine.Logger:Log (UnityEngine.LogType,object)
UnityEngine.Debug:LogWarning (object)
Microsoft.MixedReality.Toolkit.Editor.SceneInfoUtils:RefreshSceneInfoFieldsInScriptableObjects () (at C:/Users/Carme/Documents/SpacialPerceptionTutorial1/Library/PackageCache/com.microsoft.mixedreality.toolkit.foundation@8caabe015a33-1622708658239/Core/Inspectors/PropertyDrawers/SceneInfoUtils.cs:313)
Microsoft.MixedReality.Toolkit.Editor.SceneInfoUtils:InitializeOnLoad () (at C:/Users/Carme/Documents/SpacialPerceptionTutorial1/Library/PackageCache/com.microsoft.mixedreality.toolkit.foundation@8caabe015a33-1622708658239/Core/Inspectors/PropertyDrawers/SceneInfoUtils.cs:231)

(Filename: C:/Users/Carme/Documents/SpacialPerceptionTutorial1/Library/PackageCache/com.microsoft.mixedreality.toolkit.foundation@8caabe015a33-1622708658239/Core/Inspectors/PropertyDrawers/SceneInfoUtils.cs Line: 313)

Mono: successfully reloaded assembly
- Completed reload, in  2.221 seconds
Platform modules already initialized, skipping
Switching build target platform(5) subTarget(0) extendedPlatform(0) -> platform(21) subTarget(3) extendedPlatform(0)
Refreshing native plugins compatible for Editor in 0.74 ms, found 7 plugins.
Preloading 0 native plugins for Editor in 0.00 ms.
Unloading 3009 Unused Serialized files (Serialized files now loaded: 0)
System memory in use before: 124.7 MB.
System memory in use after: 124.5 MB.

Unloading 39 unused Assets to reduce memory usage. Loaded Objects now: 3649.
Total: 3.055200 ms (FindLiveObjects: 0.325500 ms CreateObjectMapping: 0.170000 ms MarkObjects: 2.348500 ms  DeleteObjects: 0.209900 ms)

========================================================================
Received Prepare
Registering precompiled user dll's ...
Registered in 0.010332 seconds.
Begin MonoManager ReloadAssembly
Native extension for WindowsStandalone target not found
Refreshing native plugins compatible for Editor in 1.04 ms, found 7 plugins.
Preloading 0 native plugins for Editor in 0.00 ms.
Error when attempting to update scene info fields. Scene info data may be stale.
UnityEngine.StackTraceUtility:ExtractStackTrace ()
UnityEngine.DebugLogHandler:LogFormat (UnityEngine.LogType,UnityEngine.Object,string,object[])
UnityEngine.Logger:Log (UnityEngine.LogType,object)
UnityEngine.Debug:LogWarning (object)
Microsoft.MixedReality.Toolkit.Editor.SceneInfoUtils:RefreshSceneInfoFieldsInScriptableObjects () (at C:/Users/Carme/Documents/SpacialPerceptionTutorial1/Library/PackageCache/com.microsoft.mixedreality.toolkit.foundation@8caabe015a33-1622708658239/Core/Inspectors/PropertyDrawers/SceneInfoUtils.cs:313)
Microsoft.MixedReality.Toolkit.Editor.SceneInfoUtils:InitializeOnLoad () (at C:/Users/Carme/Documents/SpacialPerceptionTutorial1/Library/PackageCache/com.microsoft.mixedreality.toolkit.foundation@8caabe015a33-1622708658239/Core/Inspectors/PropertyDrawers/SceneInfoUtils.cs:231)

(Filename: C:/Users/Carme/Documents/SpacialPerceptionTutorial1/Library/PackageCache/com.microsoft.mixedreality.toolkit.foundation@8caabe015a33-1622708658239/Core/Inspectors/PropertyDrawers/SceneInfoUtils.cs Line: 313)

Mono: successfully reloaded assembly
- Completed reload, in  3.479 seconds
Platform modules already initialized, skipping
Switching build target platform(5) subTarget(0) extendedPlatform(0) -> platform(21) subTarget(3) extendedPlatform(0)
Refreshing native plugins compatible for Editor in 1.25 ms, found 7 plugins.
Preloading 0 native plugins for Editor in 0.00 ms.
Unloading 3009 Unused Serialized files (Serialized files now loaded: 0)
System memory in use before: 124.7 MB.
System memory in use after: 124.6 MB.

Unloading 39 unused Assets to reduce memory usage. Loaded Objects now: 3653.
Total: 6.081900 ms (FindLiveObjects: 0.505800 ms CreateObjectMapping: 0.315500 ms MarkObjects: 4.889800 ms  DeleteObjects: 0.367700 ms)

========================================================================
Received Prepare
Registering precompiled user dll's ...
Registered in 0.497838 seconds.
Begin MonoManager ReloadAssembly
Native extension for WindowsStandalone target not found
Refreshing native plugins compatible for Editor in 1.78 ms, found 7 plugins.
Preloading 0 native plugins for Editor in 0.00 ms.
Error when attempting to update scene info fields. Scene info data may be stale.
UnityEngine.StackTraceUtility:ExtractStackTrace ()
UnityEngine.DebugLogHandler:LogFormat (UnityEngine.LogType,UnityEngine.Object,string,object[])
UnityEngine.Logger:Log (UnityEngine.LogType,object)
UnityEngine.Debug:LogWarning (object)
Microsoft.MixedReality.Toolkit.Editor.SceneInfoUtils:RefreshSceneInfoFieldsInScriptableObjects () (at C:/Users/Carme/Documents/SpacialPerceptionTutorial1/Library/PackageCache/com.microsoft.mixedreality.toolkit.foundation@8caabe015a33-1622708658239/Core/Inspectors/PropertyDrawers/SceneInfoUtils.cs:313)
Microsoft.MixedReality.Toolkit.Editor.SceneInfoUtils:InitializeOnLoad () (at C:/Users/Carme/Documents/SpacialPerceptionTutorial1/Library/PackageCache/com.microsoft.mixedreality.toolkit.foundation@8caabe015a33-1622708658239/Core/Inspectors/PropertyDrawers/SceneInfoUtils.cs:231)

(Filename: C:/Users/Carme/Documents/SpacialPerceptionTutorial1/Library/PackageCache/com.microsoft.mixedreality.toolkit.foundation@8caabe015a33-1622708658239/Core/Inspectors/PropertyDrawers/SceneInfoUtils.cs Line: 313)

Mono: successfully reloaded assembly
- Completed reload, in  4.232 seconds
Platform modules already initialized, skipping
Switching build target platform(5) subTarget(0) extendedPlatform(0) -> platform(21) subTarget(3) extendedPlatform(0)
Refreshing native plugins compatible for Editor in 1.17 ms, found 7 plugins.
Preloading 0 native plugins for Editor in 0.00 ms.
Unloading 3009 Unused Serialized files (Serialized files now loaded: 0)
System memory in use before: 124.7 MB.
System memory in use after: 124.6 MB.

Unloading 39 unused Assets to reduce memory usage. Loaded Objects now: 3657.
Total: 6.379400 ms (FindLiveObjects: 0.595100 ms CreateObjectMapping: 0.375300 ms MarkObjects: 5.078600 ms  DeleteObjects: 0.327600 ms)

